c:\users\kevin\documents\github\2dgame\2dgame\x64\debug\vc141.pdb
c:\users\kevin\documents\github\2dgame\2dgame\x64\debug\vc141.idb
c:\users\kevin\documents\github\2dgame\2dgame\x64\debug\bmp.obj
c:\users\kevin\documents\github\2dgame\2dgame\x64\debug\game_layer.obj
c:\users\kevin\documents\github\2dgame\2dgame\x64\debug\opengl.obj
c:\users\kevin\documents\github\2dgame\2dgame\x64\debug\render_layer.obj
c:\users\kevin\documents\github\2dgame\2dgame\x64\debug\win32_layer.obj
c:\users\kevin\documents\github\2dgame\x64\debug\2dgame.pdb
c:\users\kevin\documents\github\2dgame\2dgame\x64\debug\2dgame.tlog\cl.command.1.tlog
c:\users\kevin\documents\github\2dgame\2dgame\x64\debug\2dgame.tlog\cl.read.1.tlog
c:\users\kevin\documents\github\2dgame\2dgame\x64\debug\2dgame.tlog\cl.write.1.tlog
c:\users\kevin\documents\github\2dgame\2dgame\x64\debug\2dgame.tlog\link-cvtres.read.1.tlog
c:\users\kevin\documents\github\2dgame\2dgame\x64\debug\2dgame.tlog\link-cvtres.write.1.tlog
c:\users\kevin\documents\github\2dgame\2dgame\x64\debug\2dgame.tlog\link-rc.read.1.tlog
c:\users\kevin\documents\github\2dgame\2dgame\x64\debug\2dgame.tlog\link-rc.write.1.tlog
c:\users\kevin\documents\github\2dgame\2dgame\x64\debug\2dgame.tlog\link.19636-cvtres.read.1.tlog
c:\users\kevin\documents\github\2dgame\2dgame\x64\debug\2dgame.tlog\link.19636-cvtres.write.1.tlog
c:\users\kevin\documents\github\2dgame\2dgame\x64\debug\2dgame.tlog\link.19636-rc.read.1.tlog
c:\users\kevin\documents\github\2dgame\2dgame\x64\debug\2dgame.tlog\link.19636-rc.write.1.tlog
c:\users\kevin\documents\github\2dgame\2dgame\x64\debug\2dgame.tlog\link.19636.read.1.tlog
c:\users\kevin\documents\github\2dgame\2dgame\x64\debug\2dgame.tlog\link.19636.write.1.tlog
c:\users\kevin\documents\github\2dgame\2dgame\x64\debug\2dgame.tlog\link.command.1.tlog
c:\users\kevin\documents\github\2dgame\2dgame\x64\debug\2dgame.tlog\link.read.1.tlog
c:\users\kevin\documents\github\2dgame\2dgame\x64\debug\2dgame.tlog\link.write.1.tlog
